---------------------------------------------------------------------------------------------
                                       *** REPORT ***
---------------------------------------------------------------------------------------------
ELAPSED TIME                                          : Almost 1 sec
TOTAL NUMBER OF ITERATIONS DONE                       : 66
BEST SOLUTION FOUND AT ITERATION                      : 3 OF VARIANT: 1
TOTAL NUMBER OF BOXES                                 : 209
PACKED NUMBER OF BOXES                                : 143
TOTAL VOLUME OF ALL BOXES                             : 261386067850
PALLET VOLUME                                         : 67696454700
BEST SOLUTION'S VOLUME UTILIZATION                    : 57488201250 OUT OF 67696454700
PERCENTAGE OF PALLET VOLUME USED                      : 84.920549 %
PERCENTAGE OF PACKED BOXES (VOLUME)                   : 21.993598 %
WHILE PALLET ORIENTATION                              : X=12033; Y=2350; Z= 2394
---------------------------------------------------------------------------------------------
  NO: PACKSTA DIMEN-1  DMEN-2  DIMEN-3   COOR-X   COOR-Y   COOR-Z   PACKEDX  PACKEDY  PACKEDZ
---------------------------------------------------------------------------------------------
    1    1      800      480      885        0        0        0      800      885      480
    2    1      800      480      885      800        0        0      800      885      480
    3    1      800      480      885     1600        0        0      800      885      480
    4    1      800      480      885     2400        0        0      800      885      480
    5    1      800      480      885     3200        0        0      800      885      480
    6    1      800      480      885     4000        0        0      800      885      480
    7    1      800      480      885     4800        0        0      800      885      480
    8    1      800      480      885     5600        0        0      800      885      480
    9    1      800      480      885     6400        0        0      800      885      480
   10    1      800      480      885     7200        0        0      800      885      480
   11    1      800      480      885     8000        0        0      800      885      480
   12    1      800      480      885     8800        0        0      800      885      480
   13    1      800      480      885     9600        0        0      800      885      480
   14    1      800      480      885    10400        0        0      800      885      480
   15    1      800      480      885    11200        0        0      800      885      480
   16    1      800      480      885        0        0      480      800      885      480
   17    1      800      480      885      800        0      480      800      885      480
   18    1      800      480      885     1600        0      480      800      885      480
   19    1      800      480      885     2400        0      480      800      885      480
   20    1      800      480      885     3200        0      480      800      885      480
   21    1      800      480      885     4000        0      480      800      885      480
   22    1      800      480      885     4800        0      480      800      885      480
   23    1      800      480      885     5600        0      480      800      885      480
   24    1      800      480      885     6400        0      480      800      885      480
   25    1      800      480      885     7200        0      480      800      885      480
   26    1      800      480      885     8000        0      480      800      885      480
   27    1      800      480      885     8800        0      480      800      885      480
   28    1      800      480      885     9600        0      480      800      885      480
   29    1      800      480      885    10400        0      480      800      885      480
   30    1      800      480      885    11200        0      480      800      885      480
   31    1      800      480      885        0        0      960      800      885      480
   32    1      800      480      885      800        0      960      800      885      480
   33    1      800      480      885     1600        0      960      800      885      480
   34    1      800      480      885     2400        0      960      800      885      480
   35    1      800      480      885     3200        0      960      800      885      480
   36    1      800      480      885     4000        0      960      800      885      480
   37    1      800      480      885     4800        0      960      800      885      480
   38    1      800      480      885     5600        0      960      800      885      480
   39    1      800      480      885     6400        0      960      800      885      480
   40    1      800      480      885     7200        0      960      800      885      480
   41    1      800      480      885     8000        0      960      800      885      480
   42    1      800      480      885     8800        0      960      800      885      480
   43    1      800      480      885     9600        0      960      800      885      480
   44    1      800      480      885    10400        0      960      800      885      480
   45    1      800      480      885    11200        0      960      800      885      480
   46    1      800      480      885        0        0     1440      800      885      480
   47    1      800      480      885      800        0     1440      800      885      480
   48    1      800      480      885     1600        0     1440      800      885      480
   49    1      800      480      885     2400        0     1440      800      885      480
   50    1      800      480      885     3200        0     1440      800      885      480
   51    1      800      480      885     4000        0     1440      800      885      480
   52    1      800      480      885     4800        0     1440      800      885      480
   53    1      800      480      885     5600        0     1440      800      885      480
   54    1      800      480      885     6400        0     1440      800      885      480
   55    1      800      480      885     7200        0     1440      800      885      480
   56    1      800      480      885     8000        0     1440      800      885      480
   57    1      800      480      885     8800        0     1440      800      885      480
   58    1      800      480      885     9600        0     1440      800      885      480
   59    1      800      480      885    10400        0     1440      800      885      480
   60    1      800      480      885    11200        0     1440      800      885      480
  163    1     1375      450     1625        0        0     1920     1625     1375      450
  164    1     1375      450     1625     1625        0     1920     1625     1375      450
  165    1     1375      450     1625     3250        0     1920     1625     1375      450
  166    1     1375      450     1625     4875        0     1920     1625     1375      450
  167    1     1375      450     1625     6500        0     1920     1625     1375      450
  168    1     1375      450     1625     8125        0     1920     1625     1375      450
  169    1     1375      450     1625     9750        0     1920     1625     1375      450
   61    1      800      480      885        0      885        0      885      480      800
   62    1      800      480      885      885      885        0      885      480      800
   63    1      800      480      885     1770      885        0      885      480      800
   64    1      800      480      885     2655      885        0      885      480      800
   65    1      800      480      885     3540      885        0      885      480      800
   66    1      800      480      885     4425      885        0      885      480      800
   67    1      800      480      885     5310      885        0      885      480      800
   68    1      800      480      885     6195      885        0      885      480      800
   69    1      800      480      885     7080      885        0      885      480      800
   70    1      800      480      885     7965      885        0      885      480      800
   71    1      800      480      885     8850      885        0      885      480      800
   72    1      800      480      885     9735      885        0      885      480      800
   73    1      800      480      885    10620      885        0      885      480      800
   74    1      800      480      885        0      885      800      885      480      800
   75    1      800      480      885      885      885      800      885      480      800
   76    1      800      480      885     1770      885      800      885      480      800
   77    1      800      480      885     2655      885      800      885      480      800
   78    1      800      480      885     3540      885      800      885      480      800
   79    1      800      480      885     4425      885      800      885      480      800
   80    1      800      480      885     5310      885      800      885      480      800
   81    1      800      480      885     6195      885      800      885      480      800
   82    1      800      480      885     7080      885      800      885      480      800
   83    1      800      480      885     7965      885      800      885      480      800
   84    1      800      480      885     8850      885      800      885      480      800
   85    1      800      480      885     9735      885      800      885      480      800
   86    1      800      480      885    10620      885      800      885      480      800
  111    1      800      600      940        0     1375        0      940      800      600
  112    1      800      600      940      940     1375        0      940      800      600
  113    1      800      600      940     1880     1375        0      940      800      600
  114    1      800      600      940     2820     1375        0      940      800      600
  115    1      800      600      940     3760     1375        0      940      800      600
  116    1      800      600      940     4700     1375        0      940      800      600
  117    1      800      600      940     5640     1375        0      940      800      600
  118    1      800      600      940     6580     1375        0      940      800      600
  119    1      800      600      940     7520     1375        0      940      800      600
  120    1      800      600      940     8460     1375        0      940      800      600
  121    1      800      600      940     9400     1375        0      940      800      600
  122    1      800      600      940    10340     1375        0      940      800      600
  123    1      800      600      940    11280     1375        0      600      800      940
  124    1      800      600      940    10340     1375      600      940      800      600
  125    1      800      600      940     9400     1375      600      940      800      600
  126    1      800      600      940     8460     1375      600      940      800      600
  127    1      800      600      940     7520     1375      600      940      800      600
  128    1      800      600      940     6580     1375      600      940      800      600
  129    1      800      600      940     5640     1375      600      940      800      600
  130    1      800      600      940     4700     1375      600      940      800      600
  131    1      800      600      940     3760     1375      600      940      800      600
  132    1      800      600      940     2820     1375      600      940      800      600
  133    1      800      600      940     1880     1375      600      940      800      600
  134    1      800      600      940      940     1375      600      940      800      600
  135    1      800      600      940        0     1375      600      940      800      600
  136    1      800      600      940    11280     1375      940      600      800      940
  137    1      800      600      940    10340     1375     1200      940      800      600
  138    1      800      600      940     9400     1375     1200      940      800      600
  139    1      800      600      940     8460     1375     1200      940      800      600
  140    1      800      600      940     7520     1375     1200      940      800      600
  141    1      800      600      940     6580     1375     1200      940      800      600
  142    1      800      600      940     5640     1375     1200      940      800      600
  143    1      800      600      940     4700     1375     1200      940      800      600
  144    1      800      600      940     3760     1375     1200      940      800      600
  145    1      800      600      940     2820     1375     1200      940      800      600
  146    1      800      600      940     1880     1375     1200      940      800      600
  147    1      800      600      940      940     1375     1200      940      800      600
  148    1      800      600      940        0     1375     1200      940      800      600
   87    1      800      480      885    10395     1375     1800      885      800      480
   88    1      800      480      885     9510     1375     1800      885      800      480
   89    1      800      480      885     8625     1375     1800      885      800      480
   90    1      800      480      885     7740     1375     1800      885      800      480
   91    1      800      480      885     6855     1375     1800      885      800      480
   92    1      800      480      885     5970     1375     1800      885      800      480
   93    1      800      480      885     5085     1375     1800      885      800      480
   94    1      800      480      885     4200     1375     1800      885      800      480
   95    1      800      480      885     3315     1375     1800      885      800      480
   96    1      800      480      885     2430     1375     1800      885      800      480
   97    1      800      480      885     1545     1375     1800      885      800      480
   98    1      800      480      885      660     1375     1800      885      800      480


 *** LIST OF UNPACKED BOXES ***
   99  800  480  885
  100  800  480  885
  101  800  480  885
  102  800  480  885
  103  800  480  885
  104  800  480  885
  105  800  480  885
  106  800  480  885
  107  800  480  885
  108  800  480  885
  109  800  480  885
  110  800  480  885
  149  800  600  940
  150  800  600  940
  151  800  600  940
  152 2006  570 2180
  153 2006  570 2180
  154 2006  570 2180
  155 2006  570 2180
  156 2006  570 2180
  157 2006  570 2180
  158 2006  570 2180
  159 2006  570 2180
  160 2006  570 2180
  161 2006  570 2180
  162 2006  570 2180
  170 1375  450 1625
  171 1375  450 1625
  172 1375  450 1625
  173 1375  450 1625
  174 1375  450 1625
  175 1375  450 1625
  176 1375  450 1625
  177 1375  450 1625
  178 1375  450 1625
  179 1375  450 1625
  180 1375  450 1625
  181 1375  450 1625
  182 1375  450 1625
  183 1375  450 1625
  184 1375  450 1625
  185 1375  450 1625
  186 1375  450 1625
  187 1375  450 1625
  188 1375  450 1625
  189 1375  450 1625
  190 2680 1100 2560
  191 2680 1100 2560
  192 2680 1100 2560
  193 2680 1100 2560
  194 2680 1100 2560
  195 2680 1100 2560
  196 2680 1100 2560
  197 2680 1100 2560
  198 2680 1100 2560
  199 2680 1100 2560
  200 2680 1100 2560
  201 2680 1100 2560
  202 2680 1100 2560
  203 2680 1100 2560
  204 2680 1100 2560
  205 2680 1100 2560
  206 2680 1100 2560
  207 2680 1100 2560
  208 2680 1100 2560
  209 2680 1100 2560
