---------------------------------------------------------------------------------------------
                                       *** REPORT ***
---------------------------------------------------------------------------------------------
ELAPSED TIME                                          : Almost 4 sec
TOTAL NUMBER OF ITERATIONS DONE                       : 96
BEST SOLUTION FOUND AT ITERATION                      : 13 OF VARIANT: 6
TOTAL NUMBER OF BOXES                                 : 537
PACKED NUMBER OF BOXES                                : 98
TOTAL VOLUME OF ALL BOXES                             : 432554630350
PALLET VOLUME                                         : 67696454700
BEST SOLUTION'S VOLUME UTILIZATION                    : 56024062500 OUT OF 67696454700
PERCENTAGE OF PALLET VOLUME USED                      : 82.757750 %
PERCENTAGE OF PACKED BOXES (VOLUME)                   : 12.951904 %
WHILE PALLET ORIENTATION                              : X=2350; Y=2394; Z= 12033
---------------------------------------------------------------------------------------------
  NO: PACKSTA DIMEN-1  DMEN-2  DIMEN-3   COOR-X   COOR-Y   COOR-Z   PACKEDX  PACKEDY  PACKEDZ
---------------------------------------------------------------------------------------------
  402    1     1400     1400      420        0        0        0      420     1400     1400
  403    1     1400     1400      420        0     1400        0     1400      420     1400
  404    1     1400     1400      420        0     1820        0     1400      420     1400
  405    1     1400     1400      420      420        0        0      420     1400     1400
  406    1     1400     1400      420      840        0        0      420     1400     1400
  418    1     1375      450     1625     1260      950        0     1625      450     1375
  419    1     1375      450     1625     1260      500        0     1625      450     1375
  420    1     1375      450     1625     1260       50        0     1625      450     1375
  421    1     1375      450     1625     1400     1400        0     1625      450     1375
  422    1     1375      450     1625     1400     1850        0     1625      450     1375
  423    1     1375      450     1625     2885      950        0     1625      450     1375
  424    1     1375      450     1625     2885      500        0     1625      450     1375
  425    1     1375      450     1625     2885       50        0     1625      450     1375
  426    1     1375      450     1625     3025     1400        0     1625      450     1375
  427    1     1375      450     1625     3025     1850        0     1625      450     1375
  428    1     1375      450     1625     4510      950        0     1625      450     1375
  429    1     1375      450     1625     4510      500        0     1625      450     1375
  430    1     1375      450     1625     4510       50        0     1625      450     1375
  431    1     1375      450     1625     4650     1400        0     1625      450     1375
  432    1     1375      450     1625     4650     1850        0     1625      450     1375
  433    1     1375      450     1625     6135      950        0     1625      450     1375
  434    1     1375      450     1625     6135      500        0     1625      450     1375
  435    1     1375      450     1625     6135       50        0     1625      450     1375
  436    1     1375      450     1625     6275     1400        0     1625      450     1375
  437    1     1375      450     1625     6275     1850        0     1625      450     1375
  438    1     1375      450     1625     7760      950        0     1625      450     1375
  439    1     1375      450     1625     7760      500        0     1625      450     1375
  440    1     1375      450     1625     7760       50        0     1625      450     1375
  441    1     1375      450     1625     7900     1400        0     1625      450     1375
  442    1     1375      450     1625     7900     1850        0     1625      450     1375
  443    1     1375      450     1625     9385      950        0     1625      450     1375
  444    1     1375      450     1625     9385      500        0     1625      450     1375
  445    1     1375      450     1625     9385       50        0     1625      450     1375
  446    1     1375      450     1625     9525     1400        0     1625      450     1375
  447    1     1375      450     1625     9525     1850        0     1625      450     1375
  281    1      800      600      940    11010      600        0      600      800      940
  282    1      800      600      940    11010        0        0      800      600      940
  283    1      800      600      940    11150     1400        0      600      800      940
    1    1      800      480      885        0        0     1400      800      885      480
    2    1      800      480      885        0      885     1400      800      885      480
    3    1      800      480      885      800        0     1400      800      885      480
    4    1      800      480      885      800      885     1400      800      885      480
    5    1      800      480      885     1600        0     1400      800      885      480
    6    1      800      480      885     1600      885     1400      800      885      480
    7    1      800      480      885     2400        0     1400      800      885      480
    8    1      800      480      885     2400      885     1400      800      885      480
    9    1      800      480      885     3200        0     1400      800      885      480
   10    1      800      480      885     3200      885     1400      800      885      480
   11    1      800      480      885     4000        0     1400      800      885      480
   12    1      800      480      885     4000      885     1400      800      885      480
   13    1      800      480      885     4800        0     1400      800      885      480
   14    1      800      480      885     4800      885     1400      800      885      480
   15    1      800      480      885     5600        0     1400      800      885      480
   16    1      800      480      885     5600      885     1400      800      885      480
   17    1      800      480      885     6400        0     1400      800      885      480
   18    1      800      480      885     6400      885     1400      800      885      480
   19    1      800      480      885     7200        0     1400      800      885      480
   20    1      800      480      885     7200      885     1400      800      885      480
   21    1      800      480      885     8000        0     1400      800      885      480
   22    1      800      480      885     8000      885     1400      800      885      480
   23    1      800      480      885     8800        0     1400      800      885      480
   24    1      800      480      885     8800      885     1400      800      885      480
   25    1      800      480      885     9600        0     1400      800      885      480
   26    1      800      480      885     9600      885     1400      800      885      480
   27    1      800      480      885    10400        0     1400      800      885      480
   28    1      800      480      885    10400      885     1400      800      885      480
   29    1      800      480      885    11200        0     1400      800      885      480
   30    1      800      480      885    11200      885     1400      800      885      480
   31    1      800      480      885        0        0     1880      800      885      480
   32    1      800      480      885        0      885     1880      800      885      480
   33    1      800      480      885      800        0     1880      800      885      480
   34    1      800      480      885      800      885     1880      800      885      480
   35    1      800      480      885     1600        0     1880      800      885      480
   36    1      800      480      885     1600      885     1880      800      885      480
   37    1      800      480      885     2400        0     1880      800      885      480
   38    1      800      480      885     2400      885     1880      800      885      480
   39    1      800      480      885     3200        0     1880      800      885      480
   40    1      800      480      885     3200      885     1880      800      885      480
   41    1      800      480      885     4000        0     1880      800      885      480
   42    1      800      480      885     4000      885     1880      800      885      480
   43    1      800      480      885     4800        0     1880      800      885      480
   44    1      800      480      885     4800      885     1880      800      885      480
   45    1      800      480      885     5600        0     1880      800      885      480
   46    1      800      480      885     5600      885     1880      800      885      480
   47    1      800      480      885     6400        0     1880      800      885      480
   48    1      800      480      885     6400      885     1880      800      885      480
   49    1      800      480      885     7200        0     1880      800      885      480
   50    1      800      480      885     7200      885     1880      800      885      480
   51    1      800      480      885     8000        0     1880      800      885      480
   52    1      800      480      885     8000      885     1880      800      885      480
   53    1      800      480      885     8800        0     1880      800      885      480
   54    1      800      480      885     8800      885     1880      800      885      480
   55    1      800      480      885     9600        0     1880      800      885      480
   56    1      800      480      885     9600      885     1880      800      885      480
   57    1      800      480      885    10400        0     1880      800      885      480
   58    1      800      480      885    10400      885     1880      800      885      480
   59    1      800      480      885    11200        0     1880      800      885      480
   60    1      800      480      885    11200      885     1880      800      885      480


 *** LIST OF UNPACKED BOXES ***
   61  800  480  885
   62  800  480  885
   63  800  480  885
   64  800  480  885
   65  800  480  885
   66  800  480  885
   67  800  480  885
   68  800  480  885
   69  800  480  885
   70  800  480  885
   71  800  480  885
   72  800  480  885
   73  800  480  885
   74  800  480  885
   75  800  480  885
   76  800  480  885
   77  800  480  885
   78  800  480  885
   79  800  480  885
   80  800  480  885
   81  800  480  885
   82  800  480  885
   83  800  480  885
   84  800  480  885
   85  800  480  885
   86  800  480  885
   87  800  480  885
   88  800  480  885
   89  800  480  885
   90  800  480  885
   91  800  480  885
   92  800  480  885
   93  800  480  885
   94  800  480  885
   95  800  480  885
   96  800  480  885
   97  800  480  885
   98  800  480  885
   99  800  480  885
  100  800  480  885
  101  800  480  885
  102  800  480  885
  103  800  480  885
  104  800  480  885
  105  800  480  885
  106  800  480  885
  107  800  480  885
  108  800  480  885
  109  800  480  885
  110  800  480  885
  111  800  480  885
  112  800  480  885
  113  800  480  885
  114  800  480  885
  115  800  480  885
  116  800  480  885
  117  800  480  885
  118  800  480  885
  119  800  480  885
  120  800  480  885
  121  800  480  885
  122  800  480  885
  123  800  480  885
  124  800  480  885
  125  800  480  885
  126  800  480  885
  127  800  480  885
  128  800  480  885
  129  800  480  885
  130  800  480  885
  131  800  480  885
  132  800  480  885
  133  800  480  885
  134  800  480  885
  135  800  480  885
  136  800  480  885
  137  800  480  885
  138  800  480  885
  139  800  480  885
  140  800  480  885
  141  800  480  885
  142  800  480  885
  143  800  480  885
  144  800  480  885
  145  800  480  885
  146  800  480  885
  147  800  480  885
  148  800  480  885
  149  800  480  885
  150  800  480  885
  151  800  480  885
  152  800  480  885
  153  800  480  885
  154  800  480  885
  155  800  480  885
  156  800  480  885
  157  800  480  885
  158  800  480  885
  159  800  480  885
  160  800  480  885
  161  800  480  885
  162  800  480  885
  163  800  480  885
  164  800  480  885
  165  800  480  885
  166  800  480  885
  167  800  480  885
  168  800  480  885
  169  800  480  885
  170  800  480  885
  171  800  480  885
  172  800  480  885
  173  800  480  885
  174  800  480  885
  175  800  480  885
  176  800  480  885
  177  800  480  885
  178  800  480  885
  179  800  480  885
  180  800  480  885
  181  800  480  885
  182  800  480  885
  183  800  480  885
  184  800  480  885
  185  800  480  885
  186  800  480  885
  187  800  480  885
  188  800  480  885
  189  800  480  885
  190  800  480  885
  191  800  480  885
  192  800  480  885
  193  800  480  885
  194  800  480  885
  195  800  480  885
  196  800  480  885
  197  800  480  885
  198  800  480  885
  199  800  480  885
  200  800  480  885
  201  800  480  885
  202  800  480  885
  203  800  480  885
  204  800  480  885
  205  800  480  885
  206  800  480  885
  207  800  480  885
  208  800  480  885
  209  800  480  885
  210  800  480  885
  211  800  480  885
  212  800  480  885
  213  800  480  885
  214  800  480  885
  215  800  480  885
  216  800  480  885
  217  800  480  885
  218  800  480  885
  219  800  480  885
  220  800  480  885
  221  800  480  885
  222  800  480  885
  223  800  480  885
  224  800  480  885
  225  800  480  885
  226  800  480  885
  227  800  480  885
  228  800  480  885
  229  800  480  885
  230  800  480  885
  231  800  480  885
  232  800  480  885
  233  800  480  885
  234  800  480  885
  235  800  480  885
  236  800  480  885
  237  800  480  885
  238  800  480  885
  239  800  480  885
  240  800  480  885
  241  800  480  885
  242  800  480  885
  243  800  480  885
  244  800  480  885
  245  800  480  885
  246  800  480  885
  247  800  480  885
  248  800  480  885
  249  800  480  885
  250  800  480  885
  251  800  480  885
  252  800  480  885
  253  800  480  885
  254  800  480  885
  255  800  480  885
  256  800  480  885
  257  800  480  885
  258  800  480  885
  259  800  480  885
  260  800  480  885
  261  800  480  885
  262  800  480  885
  263  800  480  885
  264  800  480  885
  265  800  480  885
  266  800  480  885
  267  800  480  885
  268  800  480  885
  269  800  480  885
  270  800  480  885
  271  800  480  885
  272  800  480  885
  273  800  480  885
  274  800  480  885
  275  800  480  885
  276  800  480  885
  277  800  480  885
  278  800  480  885
  279  800  480  885
  280  800  480  885
  284  800  600  940
  285  800  600  940
  286  800  600  940
  287  800  600  940
  288  800  600  940
  289  800  600  940
  290  800  600  940
  291  800  600  940
  292  800  600  940
  293  800  600  940
  294  800  600  940
  295  800  600  940
  296  800  600  940
  297  800  600  940
  298  800  600  940
  299  800  600  940
  300  800  600  940
  301  800  600  940
  302  800  600  940
  303  800  600  940
  304  800  600  940
  305  800  600  940
  306  800  600  940
  307  800  600  940
  308  800  600  940
  309  800  600  940
  310  800  600  940
  311  800  600  940
  312  800  600  940
  313  800  600  940
  314  800  600  940
  315  800  600  940
  316  800  600  940
  317  800  600  940
  318  800  600  940
  319  800  600  940
  320  800  600  940
  321  800  600  940
  322  800  600  940
  323  800  600  940
  324  800  600  940
  325  800  600  940
  326  800  600  940
  327  800  600  940
  328  800  600  940
  329  800  600  940
  330  800  600  940
  331  800  600  940
  332  800  600  940
  333  800  600  940
  334  800  600  940
  335  800  600  940
  336  800  600  940
  337  800  600  940
  338  800  600  940
  339  800  600  940
  340  800  600  940
  341  800  600  940
  342  800  600  940
  343  800  600  940
  344  800  600  940
  345  800  600  940
  346  800  600  940
  347  800  600  940
  348  800  600  940
  349  800  600  940
  350  800  600  940
  351  800  600  940
  352  800  600  940
  353  800  600  940
  354  800  600  940
  355  800  600  940
  356  800  600  940
  357  800  600  940
  358  800  600  940
  359  800  600  940
  360  800  600  940
  361  800  600  940
  362  800  600  940
  363  800  600  940
  364  800  600  940
  365  800  600  940
  366  800  600  940
  367  800  600  940
  368  800  600  940
  369  800  600  940
  370  800  600  940
  371  800  600  940
  372  800  600  940
  373  800  600  940
  374  800  600  940
  375  800  600  940
  376  800  600  940
  377  800  600  940
  378  800  600  940
  379  800  600  940
  380  800  600  940
  381  800  600  940
  382  800  600  940
  383  800  600  940
  384  800  600  940
  385  800  600  940
  386  800  600  940
  387  800  600  940
  388  800  600  940
  389  800  600  940
  390  800  600  940
  391  800  600  940
  392  800  600  940
  393  800  600  940
  394  800  600  940
  395  800  600  940
  396  800  600  940
  397  800  600  940
  398  800  600  940
  399  800  600  940
  400  800  600  940
  401  750  635  495
  407 2006  570 2180
  408 2006  570 2180
  409 2006  570 2180
  410 2006  570 2180
  411 2006  570 2180
  412 2006  570 2180
  413 2006  570 2180
  414 2006  570 2180
  415 2006  570 2180
  416 2006  570 2180
  417 2006  570 2180
  448 1375  450 1625
  449 1375  450 1625
  450 1375  450 1625
  451 1375  450 1625
  452 1375  450 1625
  453 1375  450 1625
  454 1375  450 1625
  455 1375  450 1625
  456 1375  450 1625
  457 1375  450 1625
  458 1375  450 1625
  459 1375  450 1625
  460 1375  450 1625
  461 1375  450 1625
  462 1375  450 1625
  463 1375  450 1625
  464 1375  450 1625
  465 1375  450 1625
  466 1375  450 1625
  467 1375  450 1625
  468 1375  450 1625
  469 1375  450 1625
  470 1375  450 1625
  471 1375  450 1625
  472 1375  450 1625
  473 1375  450 1625
  474 1375  450 1625
  475 1375  450 1625
  476 1375  450 1625
  477 1375  450 1625
  478 1375  450 1625
  479 1375  450 1625
  480 1375  450 1625
  481 1375  450 1625
  482 1375  450 1625
  483 1375  450 1625
  484 1375  450 1625
  485 1375  450 1625
  486 1375  450 1625
  487 1375  450 1625
  488 1375  450 1625
  489 1375  450 1625
  490 1375  450 1625
  491 1375  450 1625
  492 1375  450 1625
  493 1375  450 1625
  494 1375  450 1625
  495 1375  450 1625
  496 1375  450 1625
  497 1375  450 1625
  498 1375  450 1625
  499 1375  450 1625
  500 1375  450 1625
  501 1375  450 1625
  502 1375  450 1625
  503 1375  450 1625
  504 1375  450 1625
  505 1375  450 1625
  506 1375  450 1625
  507 1375  450 1625
  508 1375  450 1625
  509 1375  450 1625
  510 1375  450 1625
  511 1375  450 1625
  512 1375  450 1625
  513 1375  450 1625
  514 1375  450 1625
  515 1375  450 1625
  516 1375  450 1625
  517 1375  450 1625
  518 2680 1100 2560
  519 2680 1100 2560
  520 2680 1100 2560
  521 2680 1100 2560
  522 2680 1100 2560
  523 2680 1100 2560
  524 2680 1100 2560
  525 2680 1100 2560
  526 2680 1100 2560
  527 2680 1100 2560
  528 2680 1100 2560
  529 2680 1100 2560
  530 2680 1100 2560
  531 2680 1100 2560
  532 2680 1100 2560
  533 2680 1100 2560
  534 2680 1100 2560
  535 2680 1100 2560
  536 2680 1100 2560
  537 2680 1100 2560
