---------------------------------------------------------------------------------------------
                                       *** REPORT ***
---------------------------------------------------------------------------------------------
ELAPSED TIME                                          : Almost 0 sec
TOTAL NUMBER OF ITERATIONS DONE                       : 18
BEST SOLUTION FOUND AT ITERATION                      : 1 OF VARIANT: 1
TOTAL NUMBER OF BOXES                                 : 21
PACKED NUMBER OF BOXES                                : 1
TOTAL VOLUME OF ALL BOXES                             : 153430255600
PALLET VOLUME                                         : 67696454700
BEST SOLUTION'S VOLUME UTILIZATION                    : 2492655600 OUT OF 67696454700
PERCENTAGE OF PALLET VOLUME USED                      : 3.682107 %
PERCENTAGE OF PACKED BOXES (VOLUME)                   : 1.624618 %
WHILE PALLET ORIENTATION                              : X=12033; Y=2350; Z= 2394
---------------------------------------------------------------------------------------------
  NO: PACKSTA DIMEN-1  DMEN-2  DIMEN-3   COOR-X   COOR-Y   COOR-Z   PACKEDX  PACKEDY  PACKEDZ
---------------------------------------------------------------------------------------------
    1    1     2006      570     2180        0        0        0     2006     2180      570


 *** LIST OF UNPACKED BOXES ***
    2 2680 1100 2560
    3 2680 1100 2560
    4 2680 1100 2560
    5 2680 1100 2560
    6 2680 1100 2560
    7 2680 1100 2560
    8 2680 1100 2560
    9 2680 1100 2560
   10 2680 1100 2560
   11 2680 1100 2560
   12 2680 1100 2560
   13 2680 1100 2560
   14 2680 1100 2560
   15 2680 1100 2560
   16 2680 1100 2560
   17 2680 1100 2560
   18 2680 1100 2560
   19 2680 1100 2560
   20 2680 1100 2560
   21 2680 1100 2560
