---------------------------------------------------------------------------------------------
                                       *** REPORT ***
---------------------------------------------------------------------------------------------
ELAPSED TIME                                          : Almost 1 sec
TOTAL NUMBER OF ITERATIONS DONE                       : 66
BEST SOLUTION FOUND AT ITERATION                      : 3 OF VARIANT: 1
TOTAL NUMBER OF BOXES                                 : 352
PACKED NUMBER OF BOXES                                : 143
TOTAL VOLUME OF ALL BOXES                             : 318874269100
PALLET VOLUME                                         : 67696454700
BEST SOLUTION'S VOLUME UTILIZATION                    : 57488201250 OUT OF 67696454700
PERCENTAGE OF PALLET VOLUME USED                      : 84.920549 %
PERCENTAGE OF PACKED BOXES (VOLUME)                   : 18.028485 %
WHILE PALLET ORIENTATION                              : X=12033; Y=2350; Z= 2394
---------------------------------------------------------------------------------------------
  NO: PACKSTA DIMEN-1  DMEN-2  DIMEN-3   COOR-X   COOR-Y   COOR-Z   PACKEDX  PACKEDY  PACKEDZ
---------------------------------------------------------------------------------------------
    1    1      800      480      885        0        0        0      800      885      480
    2    1      800      480      885      800        0        0      800      885      480
    3    1      800      480      885     1600        0        0      800      885      480
    4    1      800      480      885     2400        0        0      800      885      480
    5    1      800      480      885     3200        0        0      800      885      480
    6    1      800      480      885     4000        0        0      800      885      480
    7    1      800      480      885     4800        0        0      800      885      480
    8    1      800      480      885     5600        0        0      800      885      480
    9    1      800      480      885     6400        0        0      800      885      480
   10    1      800      480      885     7200        0        0      800      885      480
   11    1      800      480      885     8000        0        0      800      885      480
   12    1      800      480      885     8800        0        0      800      885      480
   13    1      800      480      885     9600        0        0      800      885      480
   14    1      800      480      885    10400        0        0      800      885      480
   15    1      800      480      885    11200        0        0      800      885      480
   16    1      800      480      885        0        0      480      800      885      480
   17    1      800      480      885      800        0      480      800      885      480
   18    1      800      480      885     1600        0      480      800      885      480
   19    1      800      480      885     2400        0      480      800      885      480
   20    1      800      480      885     3200        0      480      800      885      480
   21    1      800      480      885     4000        0      480      800      885      480
   22    1      800      480      885     4800        0      480      800      885      480
   23    1      800      480      885     5600        0      480      800      885      480
   24    1      800      480      885     6400        0      480      800      885      480
   25    1      800      480      885     7200        0      480      800      885      480
   26    1      800      480      885     8000        0      480      800      885      480
   27    1      800      480      885     8800        0      480      800      885      480
   28    1      800      480      885     9600        0      480      800      885      480
   29    1      800      480      885    10400        0      480      800      885      480
   30    1      800      480      885    11200        0      480      800      885      480
   31    1      800      480      885        0        0      960      800      885      480
   32    1      800      480      885      800        0      960      800      885      480
   33    1      800      480      885     1600        0      960      800      885      480
   34    1      800      480      885     2400        0      960      800      885      480
   35    1      800      480      885     3200        0      960      800      885      480
   36    1      800      480      885     4000        0      960      800      885      480
   37    1      800      480      885     4800        0      960      800      885      480
   38    1      800      480      885     5600        0      960      800      885      480
   39    1      800      480      885     6400        0      960      800      885      480
   40    1      800      480      885     7200        0      960      800      885      480
   41    1      800      480      885     8000        0      960      800      885      480
   42    1      800      480      885     8800        0      960      800      885      480
   43    1      800      480      885     9600        0      960      800      885      480
   44    1      800      480      885    10400        0      960      800      885      480
   45    1      800      480      885    11200        0      960      800      885      480
   46    1      800      480      885        0        0     1440      800      885      480
   47    1      800      480      885      800        0     1440      800      885      480
   48    1      800      480      885     1600        0     1440      800      885      480
   49    1      800      480      885     2400        0     1440      800      885      480
   50    1      800      480      885     3200        0     1440      800      885      480
   51    1      800      480      885     4000        0     1440      800      885      480
   52    1      800      480      885     4800        0     1440      800      885      480
   53    1      800      480      885     5600        0     1440      800      885      480
   54    1      800      480      885     6400        0     1440      800      885      480
   55    1      800      480      885     7200        0     1440      800      885      480
   56    1      800      480      885     8000        0     1440      800      885      480
   57    1      800      480      885     8800        0     1440      800      885      480
   58    1      800      480      885     9600        0     1440      800      885      480
   59    1      800      480      885    10400        0     1440      800      885      480
   60    1      800      480      885    11200        0     1440      800      885      480
  299    1     1375      450     1625        0        0     1920     1625     1375      450
  300    1     1375      450     1625     1625        0     1920     1625     1375      450
  301    1     1375      450     1625     3250        0     1920     1625     1375      450
  302    1     1375      450     1625     4875        0     1920     1625     1375      450
  303    1     1375      450     1625     6500        0     1920     1625     1375      450
  304    1     1375      450     1625     8125        0     1920     1625     1375      450
  305    1     1375      450     1625     9750        0     1920     1625     1375      450
   61    1      800      480      885        0      885        0      885      480      800
   62    1      800      480      885      885      885        0      885      480      800
   63    1      800      480      885     1770      885        0      885      480      800
   64    1      800      480      885     2655      885        0      885      480      800
   65    1      800      480      885     3540      885        0      885      480      800
   66    1      800      480      885     4425      885        0      885      480      800
   67    1      800      480      885     5310      885        0      885      480      800
   68    1      800      480      885     6195      885        0      885      480      800
   69    1      800      480      885     7080      885        0      885      480      800
   70    1      800      480      885     7965      885        0      885      480      800
   71    1      800      480      885     8850      885        0      885      480      800
   72    1      800      480      885     9735      885        0      885      480      800
   73    1      800      480      885    10620      885        0      885      480      800
   74    1      800      480      885        0      885      800      885      480      800
   75    1      800      480      885      885      885      800      885      480      800
   76    1      800      480      885     1770      885      800      885      480      800
   77    1      800      480      885     2655      885      800      885      480      800
   78    1      800      480      885     3540      885      800      885      480      800
   79    1      800      480      885     4425      885      800      885      480      800
   80    1      800      480      885     5310      885      800      885      480      800
   81    1      800      480      885     6195      885      800      885      480      800
   82    1      800      480      885     7080      885      800      885      480      800
   83    1      800      480      885     7965      885      800      885      480      800
   84    1      800      480      885     8850      885      800      885      480      800
   85    1      800      480      885     9735      885      800      885      480      800
   86    1      800      480      885    10620      885      800      885      480      800
  209    1      800      600      940        0     1375        0      940      800      600
  210    1      800      600      940      940     1375        0      940      800      600
  211    1      800      600      940     1880     1375        0      940      800      600
  212    1      800      600      940     2820     1375        0      940      800      600
  213    1      800      600      940     3760     1375        0      940      800      600
  214    1      800      600      940     4700     1375        0      940      800      600
  215    1      800      600      940     5640     1375        0      940      800      600
  216    1      800      600      940     6580     1375        0      940      800      600
  217    1      800      600      940     7520     1375        0      940      800      600
  218    1      800      600      940     8460     1375        0      940      800      600
  219    1      800      600      940     9400     1375        0      940      800      600
  220    1      800      600      940    10340     1375        0      940      800      600
  221    1      800      600      940    11280     1375        0      600      800      940
  222    1      800      600      940    10340     1375      600      940      800      600
  223    1      800      600      940     9400     1375      600      940      800      600
  224    1      800      600      940     8460     1375      600      940      800      600
  225    1      800      600      940     7520     1375      600      940      800      600
  226    1      800      600      940     6580     1375      600      940      800      600
  227    1      800      600      940     5640     1375      600      940      800      600
  228    1      800      600      940     4700     1375      600      940      800      600
  229    1      800      600      940     3760     1375      600      940      800      600
  230    1      800      600      940     2820     1375      600      940      800      600
  231    1      800      600      940     1880     1375      600      940      800      600
  232    1      800      600      940      940     1375      600      940      800      600
  233    1      800      600      940        0     1375      600      940      800      600
  234    1      800      600      940    11280     1375      940      600      800      940
  235    1      800      600      940    10340     1375     1200      940      800      600
  236    1      800      600      940     9400     1375     1200      940      800      600
  237    1      800      600      940     8460     1375     1200      940      800      600
  238    1      800      600      940     7520     1375     1200      940      800      600
  239    1      800      600      940     6580     1375     1200      940      800      600
  240    1      800      600      940     5640     1375     1200      940      800      600
  241    1      800      600      940     4700     1375     1200      940      800      600
  242    1      800      600      940     3760     1375     1200      940      800      600
  243    1      800      600      940     2820     1375     1200      940      800      600
  244    1      800      600      940     1880     1375     1200      940      800      600
  245    1      800      600      940      940     1375     1200      940      800      600
  246    1      800      600      940        0     1375     1200      940      800      600
   87    1      800      480      885    10395     1375     1800      885      800      480
   88    1      800      480      885     9510     1375     1800      885      800      480
   89    1      800      480      885     8625     1375     1800      885      800      480
   90    1      800      480      885     7740     1375     1800      885      800      480
   91    1      800      480      885     6855     1375     1800      885      800      480
   92    1      800      480      885     5970     1375     1800      885      800      480
   93    1      800      480      885     5085     1375     1800      885      800      480
   94    1      800      480      885     4200     1375     1800      885      800      480
   95    1      800      480      885     3315     1375     1800      885      800      480
   96    1      800      480      885     2430     1375     1800      885      800      480
   97    1      800      480      885     1545     1375     1800      885      800      480
   98    1      800      480      885      660     1375     1800      885      800      480


 *** LIST OF UNPACKED BOXES ***
   99  800  480  885
  100  800  480  885
  101  800  480  885
  102  800  480  885
  103  800  480  885
  104  800  480  885
  105  800  480  885
  106  800  480  885
  107  800  480  885
  108  800  480  885
  109  800  480  885
  110  800  480  885
  111  800  480  885
  112  800  480  885
  113  800  480  885
  114  800  480  885
  115  800  480  885
  116  800  480  885
  117  800  480  885
  118  800  480  885
  119  800  480  885
  120  800  480  885
  121  800  480  885
  122  800  480  885
  123  800  480  885
  124  800  480  885
  125  800  480  885
  126  800  480  885
  127  800  480  885
  128  800  480  885
  129  800  480  885
  130  800  480  885
  131  800  480  885
  132  800  480  885
  133  800  480  885
  134  800  480  885
  135  800  480  885
  136  800  480  885
  137  800  480  885
  138  800  480  885
  139  800  480  885
  140  800  480  885
  141  800  480  885
  142  800  480  885
  143  800  480  885
  144  800  480  885
  145  800  480  885
  146  800  480  885
  147  800  480  885
  148  800  480  885
  149  800  480  885
  150  800  480  885
  151  800  480  885
  152  800  480  885
  153  800  480  885
  154  800  480  885
  155  800  480  885
  156  800  480  885
  157  800  480  885
  158  800  480  885
  159  800  480  885
  160  800  480  885
  161  800  480  885
  162  800  480  885
  163  800  480  885
  164  800  480  885
  165  800  480  885
  166  800  480  885
  167  800  480  885
  168  800  480  885
  169  800  480  885
  170  800  480  885
  171  800  480  885
  172  800  480  885
  173  800  480  885
  174  800  480  885
  175  800  480  885
  176  800  480  885
  177  800  480  885
  178  800  480  885
  179  800  480  885
  180  800  480  885
  181  800  480  885
  182  800  480  885
  183  800  480  885
  184  800  480  885
  185  800  480  885
  186  800  480  885
  187  800  480  885
  188  800  480  885
  189  800  480  885
  190  800  480  885
  191  800  480  885
  192  800  480  885
  193  800  480  885
  194  800  480  885
  195  800  480  885
  196  800  480  885
  197  800  480  885
  198  800  480  885
  199  800  480  885
  200  800  480  885
  201  800  480  885
  202  800  480  885
  203  800  480  885
  204  800  480  885
  205  800  480  885
  206  800  480  885
  207  800  480  885
  208  800  480  885
  247  800  600  940
  248  800  600  940
  249  800  600  940
  250  800  600  940
  251  800  600  940
  252  800  600  940
  253  800  600  940
  254  800  600  940
  255  800  600  940
  256  800  600  940
  257  800  600  940
  258  800  600  940
  259  800  600  940
  260  800  600  940
  261  800  600  940
  262  800  600  940
  263  800  600  940
  264  800  600  940
  265  800  600  940
  266  800  600  940
  267  800  600  940
  268  800  600  940
  269  800  600  940
  270  800  600  940
  271  800  600  940
  272  800  600  940
  273  800  600  940
  274  800  600  940
  275  800  600  940
  276  800  600  940
  277  800  600  940
  278  800  600  940
  279  800  600  940
  280  800  600  940
  281  800  600  940
  282  800  600  940
  283  800  600  940
  284  800  600  940
  285  800  600  940
  286  800  600  940
  287  800  600  940
  288 2006  570 2180
  289 2006  570 2180
  290 2006  570 2180
  291 2006  570 2180
  292 2006  570 2180
  293 2006  570 2180
  294 2006  570 2180
  295 2006  570 2180
  296 2006  570 2180
  297 2006  570 2180
  298 2006  570 2180
  306 1375  450 1625
  307 1375  450 1625
  308 1375  450 1625
  309 1375  450 1625
  310 1375  450 1625
  311 1375  450 1625
  312 1375  450 1625
  313 1375  450 1625
  314 1375  450 1625
  315 1375  450 1625
  316 1375  450 1625
  317 1375  450 1625
  318 1375  450 1625
  319 1375  450 1625
  320 1375  450 1625
  321 1375  450 1625
  322 1375  450 1625
  323 1375  450 1625
  324 1375  450 1625
  325 1375  450 1625
  326 1375  450 1625
  327 1375  450 1625
  328 1375  450 1625
  329 1375  450 1625
  330 1375  450 1625
  331 1375  450 1625
  332 1375  450 1625
  333 2680 1100 2560
  334 2680 1100 2560
  335 2680 1100 2560
  336 2680 1100 2560
  337 2680 1100 2560
  338 2680 1100 2560
  339 2680 1100 2560
  340 2680 1100 2560
  341 2680 1100 2560
  342 2680 1100 2560
  343 2680 1100 2560
  344 2680 1100 2560
  345 2680 1100 2560
  346 2680 1100 2560
  347 2680 1100 2560
  348 2680 1100 2560
  349 2680 1100 2560
  350 2680 1100 2560
  351 2680 1100 2560
  352 2680 1100 2560
