---------------------------------------------------------------------------------------------
                                       *** REPORT ***
---------------------------------------------------------------------------------------------
ELAPSED TIME                                          : Almost 3 sec
TOTAL NUMBER OF ITERATIONS DONE                       : 84
BEST SOLUTION FOUND AT ITERATION                      : 11 OF VARIANT: 1
TOTAL NUMBER OF BOXES                                 : 439
PACKED NUMBER OF BOXES                                : 87
TOTAL VOLUME OF ALL BOXES                             : 376530567850
PALLET VOLUME                                         : 67696454700
BEST SOLUTION'S VOLUME UTILIZATION                    : 57656298750 OUT OF 67696454700
PERCENTAGE OF PALLET VOLUME USED                      : 85.168860 %
PERCENTAGE OF PACKED BOXES (VOLUME)                   : 15.312515 %
WHILE PALLET ORIENTATION                              : X=12033; Y=2350; Z= 2394
---------------------------------------------------------------------------------------------
  NO: PACKSTA DIMEN-1  DMEN-2  DIMEN-3   COOR-X   COOR-Y   COOR-Z   PACKEDX  PACKEDY  PACKEDZ
---------------------------------------------------------------------------------------------
  350    1     1375      450     1625        0        0        0     1625     1375      450
  351    1     1375      450     1625     1625        0        0     1625     1375      450
  352    1     1375      450     1625     3250        0        0     1625     1375      450
  353    1     1375      450     1625     4875        0        0     1625     1375      450
  354    1     1375      450     1625     6500        0        0     1625     1375      450
  355    1     1375      450     1625     8125        0        0     1625     1375      450
  356    1     1375      450     1625     9750        0        0     1625     1375      450
  357    1     1375      450     1625    11375        0        0      450     1375     1625
  358    1     1375      450     1625     9750        0      450     1625     1375      450
  359    1     1375      450     1625     8125        0      450     1625     1375      450
  360    1     1375      450     1625     6500        0      450     1625     1375      450
  361    1     1375      450     1625     4875        0      450     1625     1375      450
  362    1     1375      450     1625     3250        0      450     1625     1375      450
  363    1     1375      450     1625     1625        0      450     1625     1375      450
  364    1     1375      450     1625        0        0      450     1625     1375      450
  365    1     1375      450     1625     9750        0      900     1625     1375      450
  366    1     1375      450     1625     8125        0      900     1625     1375      450
  367    1     1375      450     1625     6500        0      900     1625     1375      450
  368    1     1375      450     1625     4875        0      900     1625     1375      450
  369    1     1375      450     1625     3250        0      900     1625     1375      450
  370    1     1375      450     1625     1625        0      900     1625     1375      450
  371    1     1375      450     1625        0        0      900     1625     1375      450
  372    1     1375      450     1625     9750        0     1350     1625     1375      450
  373    1     1375      450     1625     8125        0     1350     1625     1375      450
  374    1     1375      450     1625     6500        0     1350     1625     1375      450
  375    1     1375      450     1625     4875        0     1350     1625     1375      450
  376    1     1375      450     1625     3250        0     1350     1625     1375      450
  377    1     1375      450     1625     1625        0     1350     1625     1375      450
  378    1     1375      450     1625        0        0     1350     1625     1375      450
  338    1      750      635      495    11375        0     1625      635      750      495
  379    1     1375      450     1625     9750        0     1800     1625     1375      450
  380    1     1375      450     1625     8125        0     1800     1625     1375      450
  381    1     1375      450     1625     6500        0     1800     1625     1375      450
  382    1     1375      450     1625     4875        0     1800     1625     1375      450
  383    1     1375      450     1625     3250        0     1800     1625     1375      450
  384    1     1375      450     1625     1625        0     1800     1625     1375      450
  385    1     1375      450     1625        0        0     1800     1625     1375      450
  221    1      800      600      940        0     1375        0      940      800      600
  222    1      800      600      940      940     1375        0      940      800      600
  223    1      800      600      940     1880     1375        0      940      800      600
  224    1      800      600      940     2820     1375        0      940      800      600
  225    1      800      600      940     3760     1375        0      940      800      600
  226    1      800      600      940     4700     1375        0      940      800      600
  227    1      800      600      940     5640     1375        0      940      800      600
  228    1      800      600      940     6580     1375        0      940      800      600
  229    1      800      600      940     7520     1375        0      940      800      600
  230    1      800      600      940     8460     1375        0      940      800      600
  231    1      800      600      940     9400     1375        0      940      800      600
  232    1      800      600      940    10340     1375        0      940      800      600
  233    1      800      600      940    11280     1375        0      600      800      940
  234    1      800      600      940    10340     1375      600      940      800      600
  235    1      800      600      940     9400     1375      600      940      800      600
  236    1      800      600      940     8460     1375      600      940      800      600
  237    1      800      600      940     7520     1375      600      940      800      600
  238    1      800      600      940     6580     1375      600      940      800      600
  239    1      800      600      940     5640     1375      600      940      800      600
  240    1      800      600      940     4700     1375      600      940      800      600
  241    1      800      600      940     3760     1375      600      940      800      600
  242    1      800      600      940     2820     1375      600      940      800      600
  243    1      800      600      940     1880     1375      600      940      800      600
  244    1      800      600      940      940     1375      600      940      800      600
  245    1      800      600      940        0     1375      600      940      800      600
  246    1      800      600      940    11280     1375      940      600      800      940
  247    1      800      600      940    10340     1375     1200      940      800      600
  248    1      800      600      940     9400     1375     1200      940      800      600
  249    1      800      600      940     8460     1375     1200      940      800      600
  250    1      800      600      940     7520     1375     1200      940      800      600
  251    1      800      600      940     6580     1375     1200      940      800      600
  252    1      800      600      940     5640     1375     1200      940      800      600
  253    1      800      600      940     4700     1375     1200      940      800      600
  254    1      800      600      940     3760     1375     1200      940      800      600
  255    1      800      600      940     2820     1375     1200      940      800      600
  256    1      800      600      940     1880     1375     1200      940      800      600
  257    1      800      600      940      940     1375     1200      940      800      600
  258    1      800      600      940        0     1375     1200      940      800      600
    1    1      800      480      885    10395     1375     1800      885      800      480
    2    1      800      480      885     9510     1375     1800      885      800      480
    3    1      800      480      885     8625     1375     1800      885      800      480
    4    1      800      480      885     7740     1375     1800      885      800      480
    5    1      800      480      885     6855     1375     1800      885      800      480
    6    1      800      480      885     5970     1375     1800      885      800      480
    7    1      800      480      885     5085     1375     1800      885      800      480
    8    1      800      480      885     4200     1375     1800      885      800      480
    9    1      800      480      885     3315     1375     1800      885      800      480
   10    1      800      480      885     2430     1375     1800      885      800      480
   11    1      800      480      885     1545     1375     1800      885      800      480
   12    1      800      480      885      660     1375     1800      885      800      480


 *** LIST OF UNPACKED BOXES ***
   13  800  480  885
   14  800  480  885
   15  800  480  885
   16  800  480  885
   17  800  480  885
   18  800  480  885
   19  800  480  885
   20  800  480  885
   21  800  480  885
   22  800  480  885
   23  800  480  885
   24  800  480  885
   25  800  480  885
   26  800  480  885
   27  800  480  885
   28  800  480  885
   29  800  480  885
   30  800  480  885
   31  800  480  885
   32  800  480  885
   33  800  480  885
   34  800  480  885
   35  800  480  885
   36  800  480  885
   37  800  480  885
   38  800  480  885
   39  800  480  885
   40  800  480  885
   41  800  480  885
   42  800  480  885
   43  800  480  885
   44  800  480  885
   45  800  480  885
   46  800  480  885
   47  800  480  885
   48  800  480  885
   49  800  480  885
   50  800  480  885
   51  800  480  885
   52  800  480  885
   53  800  480  885
   54  800  480  885
   55  800  480  885
   56  800  480  885
   57  800  480  885
   58  800  480  885
   59  800  480  885
   60  800  480  885
   61  800  480  885
   62  800  480  885
   63  800  480  885
   64  800  480  885
   65  800  480  885
   66  800  480  885
   67  800  480  885
   68  800  480  885
   69  800  480  885
   70  800  480  885
   71  800  480  885
   72  800  480  885
   73  800  480  885
   74  800  480  885
   75  800  480  885
   76  800  480  885
   77  800  480  885
   78  800  480  885
   79  800  480  885
   80  800  480  885
   81  800  480  885
   82  800  480  885
   83  800  480  885
   84  800  480  885
   85  800  480  885
   86  800  480  885
   87  800  480  885
   88  800  480  885
   89  800  480  885
   90  800  480  885
   91  800  480  885
   92  800  480  885
   93  800  480  885
   94  800  480  885
   95  800  480  885
   96  800  480  885
   97  800  480  885
   98  800  480  885
   99  800  480  885
  100  800  480  885
  101  800  480  885
  102  800  480  885
  103  800  480  885
  104  800  480  885
  105  800  480  885
  106  800  480  885
  107  800  480  885
  108  800  480  885
  109  800  480  885
  110  800  480  885
  111  800  480  885
  112  800  480  885
  113  800  480  885
  114  800  480  885
  115  800  480  885
  116  800  480  885
  117  800  480  885
  118  800  480  885
  119  800  480  885
  120  800  480  885
  121  800  480  885
  122  800  480  885
  123  800  480  885
  124  800  480  885
  125  800  480  885
  126  800  480  885
  127  800  480  885
  128  800  480  885
  129  800  480  885
  130  800  480  885
  131  800  480  885
  132  800  480  885
  133  800  480  885
  134  800  480  885
  135  800  480  885
  136  800  480  885
  137  800  480  885
  138  800  480  885
  139  800  480  885
  140  800  480  885
  141  800  480  885
  142  800  480  885
  143  800  480  885
  144  800  480  885
  145  800  480  885
  146  800  480  885
  147  800  480  885
  148  800  480  885
  149  800  480  885
  150  800  480  885
  151  800  480  885
  152  800  480  885
  153  800  480  885
  154  800  480  885
  155  800  480  885
  156  800  480  885
  157  800  480  885
  158  800  480  885
  159  800  480  885
  160  800  480  885
  161  800  480  885
  162  800  480  885
  163  800  480  885
  164  800  480  885
  165  800  480  885
  166  800  480  885
  167  800  480  885
  168  800  480  885
  169  800  480  885
  170  800  480  885
  171  800  480  885
  172  800  480  885
  173  800  480  885
  174  800  480  885
  175  800  480  885
  176  800  480  885
  177  800  480  885
  178  800  480  885
  179  800  480  885
  180  800  480  885
  181  800  480  885
  182  800  480  885
  183  800  480  885
  184  800  480  885
  185  800  480  885
  186  800  480  885
  187  800  480  885
  188  800  480  885
  189  800  480  885
  190  800  480  885
  191  800  480  885
  192  800  480  885
  193  800  480  885
  194  800  480  885
  195  800  480  885
  196  800  480  885
  197  800  480  885
  198  800  480  885
  199  800  480  885
  200  800  480  885
  201  800  480  885
  202  800  480  885
  203  800  480  885
  204  800  480  885
  205  800  480  885
  206  800  480  885
  207  800  480  885
  208  800  480  885
  209  800  480  885
  210  800  480  885
  211  800  480  885
  212  800  480  885
  213  800  480  885
  214  800  480  885
  215  800  480  885
  216  800  480  885
  217  800  480  885
  218  800  480  885
  219  800  480  885
  220  800  480  885
  259  800  600  940
  260  800  600  940
  261  800  600  940
  262  800  600  940
  263  800  600  940
  264  800  600  940
  265  800  600  940
  266  800  600  940
  267  800  600  940
  268  800  600  940
  269  800  600  940
  270  800  600  940
  271  800  600  940
  272  800  600  940
  273  800  600  940
  274  800  600  940
  275  800  600  940
  276  800  600  940
  277  800  600  940
  278  800  600  940
  279  800  600  940
  280  800  600  940
  281  800  600  940
  282  800  600  940
  283  800  600  940
  284  800  600  940
  285  800  600  940
  286  800  600  940
  287  800  600  940
  288  800  600  940
  289  800  600  940
  290  800  600  940
  291  800  600  940
  292  800  600  940
  293  800  600  940
  294  800  600  940
  295  800  600  940
  296  800  600  940
  297  800  600  940
  298  800  600  940
  299  800  600  940
  300  800  600  940
  301  800  600  940
  302  800  600  940
  303  800  600  940
  304  800  600  940
  305  800  600  940
  306  800  600  940
  307  800  600  940
  308  800  600  940
  309  800  600  940
  310  800  600  940
  311  800  600  940
  312  800  600  940
  313  800  600  940
  314  800  600  940
  315  800  600  940
  316  800  600  940
  317  800  600  940
  318  800  600  940
  319  800  600  940
  320  800  600  940
  321  800  600  940
  322  800  600  940
  323  800  600  940
  324  800  600  940
  325  800  600  940
  326  800  600  940
  327  800  600  940
  328  800  600  940
  329  800  600  940
  330  800  600  940
  331  800  600  940
  332  800  600  940
  333  800  600  940
  334  800  600  940
  335  800  600  940
  336  800  600  940
  337  800  600  940
  339 2006  570 2180
  340 2006  570 2180
  341 2006  570 2180
  342 2006  570 2180
  343 2006  570 2180
  344 2006  570 2180
  345 2006  570 2180
  346 2006  570 2180
  347 2006  570 2180
  348 2006  570 2180
  349 2006  570 2180
  386 1375  450 1625
  387 1375  450 1625
  388 1375  450 1625
  389 1375  450 1625
  390 1375  450 1625
  391 1375  450 1625
  392 1375  450 1625
  393 1375  450 1625
  394 1375  450 1625
  395 1375  450 1625
  396 1375  450 1625
  397 1375  450 1625
  398 1375  450 1625
  399 1375  450 1625
  400 1375  450 1625
  401 1375  450 1625
  402 1375  450 1625
  403 1375  450 1625
  404 1375  450 1625
  405 1375  450 1625
  406 1375  450 1625
  407 1375  450 1625
  408 1375  450 1625
  409 1375  450 1625
  410 1375  450 1625
  411 1375  450 1625
  412 1375  450 1625
  413 1375  450 1625
  414 1375  450 1625
  415 1375  450 1625
  416 1375  450 1625
  417 1375  450 1625
  418 1375  450 1625
  419 1375  450 1625
  420 2680 1100 2560
  421 2680 1100 2560
  422 2680 1100 2560
  423 2680 1100 2560
  424 2680 1100 2560
  425 2680 1100 2560
  426 2680 1100 2560
  427 2680 1100 2560
  428 2680 1100 2560
  429 2680 1100 2560
  430 2680 1100 2560
  431 2680 1100 2560
  432 2680 1100 2560
  433 2680 1100 2560
  434 2680 1100 2560
  435 2680 1100 2560
  436 2680 1100 2560
  437 2680 1100 2560
  438 2680 1100 2560
  439 2680 1100 2560
