---------------------------------------------------------------------------------------------
                                       *** REPORT ***
---------------------------------------------------------------------------------------------
ELAPSED TIME                                          : Almost 0 sec
TOTAL NUMBER OF ITERATIONS DONE                       : 66
BEST SOLUTION FOUND AT ITERATION                      : 6 OF VARIANT: 3
TOTAL NUMBER OF BOXES                                 : 66
PACKED NUMBER OF BOXES                                : 45
TOTAL VOLUME OF ALL BOXES                             : 203897866600
PALLET VOLUME                                         : 67696454700
BEST SOLUTION'S VOLUME UTILIZATION                    : 50467611000 OUT OF 67696454700
PERCENTAGE OF PALLET VOLUME USED                      : 74.549858 %
PERCENTAGE OF PACKED BOXES (VOLUME)                   : 24.751417 %
WHILE PALLET ORIENTATION                              : X=2394; Y=12033; Z= 2350
---------------------------------------------------------------------------------------------
  NO: PACKSTA DIMEN-1  DMEN-2  DIMEN-3   COOR-X   COOR-Y   COOR-Z   PACKEDX  PACKEDY  PACKEDZ
---------------------------------------------------------------------------------------------
    1    1      800      480      885        0        0        0      885      480      800
    2    1      800      480      885        0        0      800      885      480      800
    3    1      800      480      885        0        0     1600      885      800      480
    4    1      800      480      885        0      480      800      885      480      800
    5    1      800      480      885        0      480        0      885      480      800
    6    1      800      480      885        0      800     1600      885      800      480
    7    1      800      480      885        0      960      800      885      480      800
    8    1      800      480      885        0      960        0      885      480      800
    9    1      800      480      885        0     1440      800      885      480      800
   10    1      800      480      885        0     1440        0      885      480      800
   16    1     2006      570     2180      885        0        0      570     2006     2180
   17    1     2006      570     2180     1455        0        0      570     2006     2180
   18    1     2006      570     2180     2025        0        0      570     2006     2180
   27    1     1375      450     1625     2595        0        0     1375      450     1625
   28    1     1375      450     1625     2595        0     1625     1375     1625      450
   29    1     1375      450     1625     2595      450        0     1375      450     1625
   30    1     1375      450     1625     2595      900        0     1375      450     1625
   31    1     1375      450     1625     2595     1350        0     1375      450     1625
   32    1     1375      450     1625     2595     1800        0     1375      450     1625
   13    1      800      600      940     3970        0        0      940      600      800
   14    1      800      600      940     3970        0      800      940      600      800
   15    1      800      600      940     3970        0     1600      940      800      600
   11    1      800      480      885     3970      600      800      885      480      800
   12    1      800      480      885     3970      600        0      885      480      800
   33    1     1375      450     1625     3970     1080        0     1375      450     1625
   34    1     1375      450     1625     3970     1530        0     1375      450     1625
   35    1     1375      450     1625     5345        0        0     1375      450     1625
   36    1     1375      450     1625     5345        0     1625     1375     1625      450
   37    1     1375      450     1625     5345      450        0     1375      450     1625
   38    1     1375      450     1625     5345      900        0     1375      450     1625
   39    1     1375      450     1625     5345     1350        0     1375      450     1625
   40    1     1375      450     1625     5345     1800        0     1375      450     1625
   41    1     1375      450     1625     6720        0        0     1375      450     1625
   42    1     1375      450     1625     6720        0     1625     1375     1625      450
   43    1     1375      450     1625     6720      450        0     1375      450     1625
   44    1     1375      450     1625     6720      900        0     1375      450     1625
   45    1     1375      450     1625     6720     1350        0     1375      450     1625
   46    1     1375      450     1625     6720     1800        0     1375      450     1625
   19    1     2006      570     2180     8095        0        0     2180      570     2006
   20    1     2006      570     2180     8095      570        0     2180      570     2006
   21    1     2006      570     2180     8095     1140        0     2180      570     2006
   22    1     2006      570     2180     8095     1710        0     2180      570     2006
   23    1     2006      570     2180    10275        0        0      570     2006     2180
   24    1     2006      570     2180    10845        0        0      570     2006     2180
   25    1     2006      570     2180    11415        0        0      570     2006     2180


 *** LIST OF UNPACKED BOXES ***
   26 2006  570 2180
   47 2680 1100 2560
   48 2680 1100 2560
   49 2680 1100 2560
   50 2680 1100 2560
   51 2680 1100 2560
   52 2680 1100 2560
   53 2680 1100 2560
   54 2680 1100 2560
   55 2680 1100 2560
   56 2680 1100 2560
   57 2680 1100 2560
   58 2680 1100 2560
   59 2680 1100 2560
   60 2680 1100 2560
   61 2680 1100 2560
   62 2680 1100 2560
   63 2680 1100 2560
   64 2680 1100 2560
   65 2680 1100 2560
   66 2680 1100 2560
