---------------------------------------------------------------------------------------------
                                       *** REPORT ***
---------------------------------------------------------------------------------------------
ELAPSED TIME                                          : Almost 10 sec
TOTAL NUMBER OF ITERATIONS DONE                       : 138
BEST SOLUTION FOUND AT ITERATION                      : 23 OF VARIANT: 1
TOTAL NUMBER OF BOXES                                 : 617
PACKED NUMBER OF BOXES                                : 24
TOTAL VOLUME OF ALL BOXES                             : 603878935
PALLET VOLUME                                         : 67566495
BEST SOLUTION'S VOLUME UTILIZATION                    : 59644800 OUT OF 67566495
PERCENTAGE OF PALLET VOLUME USED                      : 88.275705 %
PERCENTAGE OF PACKED BOXES (VOLUME)                   : 9.876947 %
WHILE PALLET ORIENTATION                              : X=1203; Y=235; Z= 239
---------------------------------------------------------------------------------------------
  NO: PACKSTA DIMEN-1  DMEN-2  DIMEN-3   COOR-X   COOR-Y   COOR-Z   PACKEDX  PACKEDY  PACKEDZ
---------------------------------------------------------------------------------------------
  412    1      200       57      218        0        0        0      200      218       57
  413    1      200       57      218      200        0        0      200      218       57
  414    1      200       57      218      400        0        0      200      218       57
  415    1      200       57      218      600        0        0      200      218       57
  416    1      200       57      218      800        0        0      200      218       57
  417    1      200       57      218     1000        0        0      200      218       57
  418    1      200       57      218        0        0       57      200      218       57
  419    1      200       57      218      200        0       57      200      218       57
  420    1      200       57      218      400        0       57      200      218       57
  421    1      200       57      218      600        0       57      200      218       57
  422    1      200       57      218      800        0       57      200      218       57
  423    1      200       57      218     1000        0       57      200      218       57
  424    1      200       57      218        0        0      114      200      218       57
  425    1      200       57      218      200        0      114      200      218       57
  426    1      200       57      218      400        0      114      200      218       57
  427    1      200       57      218      600        0      114      200      218       57
  428    1      200       57      218      800        0      114      200      218       57
  429    1      200       57      218     1000        0      114      200      218       57
  430    1      200       57      218        0        0      171      200      218       57
  431    1      200       57      218      200        0      171      200      218       57
  432    1      200       57      218      400        0      171      200      218       57
  433    1      200       57      218      600        0      171      200      218       57
  434    1      200       57      218      800        0      171      200      218       57
  435    1      200       57      218     1000        0      171      200      218       57


 *** LIST OF UNPACKED BOXES ***
    1   80   48   88
    2   80   48   88
    3   80   48   88
    4   80   48   88
    5   80   48   88
    6   80   48   88
    7   80   48   88
    8   80   48   88
    9   80   48   88
   10   80   48   88
   11   80   48   88
   12   80   48   88
   13   80   48   88
   14   80   48   88
   15   80   48   88
   16   80   48   88
   17   80   48   88
   18   80   48   88
   19   80   48   88
   20   80   48   88
   21   80   48   88
   22   80   48   88
   23   80   48   88
   24   80   48   88
   25   80   48   88
   26   80   48   88
   27   80   48   88
   28   80   48   88
   29   80   48   88
   30   80   48   88
   31   80   48   88
   32   80   48   88
   33   80   48   88
   34   80   48   88
   35   80   48   88
   36   80   48   88
   37   80   48   88
   38   80   48   88
   39   80   48   88
   40   80   48   88
   41   80   48   88
   42   80   48   88
   43   80   48   88
   44   80   48   88
   45   80   48   88
   46   80   48   88
   47   80   48   88
   48   80   48   88
   49   80   48   88
   50   80   48   88
   51   80   48   88
   52   80   48   88
   53   80   48   88
   54   80   48   88
   55   80   48   88
   56   80   48   88
   57   80   48   88
   58   80   48   88
   59   80   48   88
   60   80   48   88
   61   80   48   88
   62   80   48   88
   63   80   48   88
   64   80   48   88
   65   80   48   88
   66   80   48   88
   67   80   48   88
   68   80   48   88
   69   80   48   88
   70   80   48   88
   71   80   48   88
   72   80   48   88
   73   80   48   88
   74   80   48   88
   75   80   48   88
   76   80   48   88
   77   80   48   88
   78   80   48   88
   79   80   48   88
   80   80   48   88
   81   80   48   88
   82   80   48   88
   83   80   48   88
   84   80   48   88
   85   80   48   88
   86   80   48   88
   87   80   48   88
   88   80   48   88
   89   80   48   88
   90   80   48   88
   91   80   48   88
   92   80   48   88
   93   80   48   88
   94   80   48   88
   95   80   48   88
   96   80   48   88
   97   80   48   88
   98   80   48   88
   99   80   48   88
  100   80   48   88
  101   80   48   88
  102   80   48   88
  103   80   48   88
  104   80   48   88
  105   80   48   88
  106   80   48   88
  107   80   48   88
  108   80   48   88
  109   80   48   88
  110   80   48   88
  111   80   48   88
  112   80   48   88
  113   80   48   88
  114   80   48   88
  115   80   48   88
  116   80   48   88
  117   80   48   88
  118   80   48   88
  119   80   48   88
  120   80   48   88
  121   80   48   88
  122   80   48   88
  123   80   48   88
  124   80   48   88
  125   80   48   88
  126   80   48   88
  127   80   48   88
  128   80   48   88
  129   80   48   88
  130   80   48   88
  131   80   48   88
  132   80   48   88
  133   80   48   88
  134   80   48   88
  135   80   48   88
  136   80   48   88
  137   80   48   88
  138   80   48   88
  139   80   48   88
  140   80   48   88
  141   80   48   88
  142   80   48   88
  143   80   48   88
  144   80   48   88
  145   80   48   88
  146   80   48   88
  147   80   48   88
  148   80   48   88
  149   80   48   88
  150   80   48   88
  151   80   48   88
  152   80   48   88
  153   80   48   88
  154   80   48   88
  155   80   48   88
  156   80   48   88
  157   80   48   88
  158   80   48   88
  159   80   48   88
  160   80   48   88
  161   80   48   88
  162   80   48   88
  163   80   48   88
  164   80   48   88
  165   80   48   88
  166   80   48   88
  167   80   48   88
  168   80   48   88
  169   80   48   88
  170   80   48   88
  171   80   48   88
  172   80   48   88
  173   80   48   88
  174   80   48   88
  175   80   48   88
  176   80   48   88
  177   80   48   88
  178   80   48   88
  179   80   48   88
  180   80   48   88
  181   80   48   88
  182   80   48   88
  183   80   48   88
  184   80   48   88
  185   80   48   88
  186   80   48   88
  187   80   48   88
  188   80   48   88
  189   80   48   88
  190   80   48   88
  191   80   48   88
  192   80   48   88
  193   80   48   88
  194   80   48   88
  195   80   48   88
  196   80   48   88
  197   80   48   88
  198   80   48   88
  199   80   48   88
  200   80   48   88
  201   80   48   88
  202   80   48   88
  203   80   48   88
  204   80   48   88
  205   80   48   88
  206   80   48   88
  207   80   48   88
  208   80   48   88
  209   80   48   88
  210   80   48   88
  211   80   48   88
  212   80   48   88
  213   80   48   88
  214   80   48   88
  215   80   48   88
  216   80   48   88
  217   80   48   88
  218   80   48   88
  219   80   48   88
  220   80   48   88
  221   80   48   88
  222   80   48   88
  223   80   48   88
  224   80   48   88
  225   80   48   88
  226   80   48   88
  227   80   48   88
  228   80   48   88
  229   80   48   88
  230   80   48   88
  231   80   48   88
  232   80   48   88
  233   80   48   88
  234   80   48   88
  235   80   48   88
  236   80   48   88
  237   80   48   88
  238   80   48   88
  239   80   48   88
  240   80   48   88
  241   80   48   88
  242   80   48   88
  243   80   48   88
  244   80   48   88
  245   80   48   88
  246   80   48   88
  247   80   48   88
  248   80   48   88
  249   80   48   88
  250   80   48   88
  251   80   48   88
  252   80   48   88
  253   80   48   88
  254   80   48   88
  255   80   48   88
  256   80   48   88
  257   80   48   88
  258   80   48   88
  259   80   48   88
  260   80   48   88
  261   80   48   88
  262   80   48   88
  263   80   48   88
  264   80   48   88
  265   80   48   88
  266   80   48   88
  267   80   48   88
  268   80   48   88
  269   80   48   88
  270   80   48   88
  271   80   48   88
  272   80   48   88
  273   80   48   88
  274   80   48   88
  275   80   48   88
  276   80   48   88
  277   80   48   88
  278   80   48   88
  279   80   48   88
  280   80   48   88
  281   80   60   94
  282   80   60   94
  283   80   60   94
  284   80   60   94
  285   80   60   94
  286   80   60   94
  287   80   60   94
  288   80   60   94
  289   80   60   94
  290   80   60   94
  291   80   60   94
  292   80   60   94
  293   80   60   94
  294   80   60   94
  295   80   60   94
  296   80   60   94
  297   80   60   94
  298   80   60   94
  299   80   60   94
  300   80   60   94
  301   80   60   94
  302   80   60   94
  303   80   60   94
  304   80   60   94
  305   80   60   94
  306   80   60   94
  307   80   60   94
  308   80   60   94
  309   80   60   94
  310   80   60   94
  311   80   60   94
  312   80   60   94
  313   80   60   94
  314   80   60   94
  315   80   60   94
  316   80   60   94
  317   80   60   94
  318   80   60   94
  319   80   60   94
  320   80   60   94
  321   80   60   94
  322   80   60   94
  323   80   60   94
  324   80   60   94
  325   80   60   94
  326   80   60   94
  327   80   60   94
  328   80   60   94
  329   80   60   94
  330   80   60   94
  331   80   60   94
  332   80   60   94
  333   80   60   94
  334   80   60   94
  335   80   60   94
  336   80   60   94
  337   80   60   94
  338   80   60   94
  339   80   60   94
  340   80   60   94
  341   80   60   94
  342   80   60   94
  343   80   60   94
  344   80   60   94
  345   80   60   94
  346   80   60   94
  347   80   60   94
  348   80   60   94
  349   80   60   94
  350   80   60   94
  351   80   60   94
  352   80   60   94
  353   80   60   94
  354   80   60   94
  355   80   60   94
  356   80   60   94
  357   80   60   94
  358   80   60   94
  359   80   60   94
  360   80   60   94
  361   80   60   94
  362   80   60   94
  363   80   60   94
  364   80   60   94
  365   80   60   94
  366   80   60   94
  367   80   60   94
  368   80   60   94
  369   80   60   94
  370   80   60   94
  371   80   60   94
  372   80   60   94
  373   80   60   94
  374   80   60   94
  375   80   60   94
  376   80   60   94
  377   80   60   94
  378   80   60   94
  379   80   60   94
  380   80   60   94
  381   80   60   94
  382   80   60   94
  383   80   60   94
  384   80   60   94
  385   80   60   94
  386   80   60   94
  387   80   60   94
  388   80   60   94
  389   80   60   94
  390   80   60   94
  391   80   60   94
  392   80   60   94
  393   80   60   94
  394   80   60   94
  395   80   60   94
  396   80   60   94
  397   80   60   94
  398   80   60   94
  399   80   60   94
  400   80   60   94
  401   75   63   49
  402  140  140   42
  403  140  140   42
  404  140  140   42
  405  140  140   42
  406  140  140   42
  407   66   27   50
  408   66   27   50
  409   66   27   50
  410   66   27   50
  411   66   27   50
  436  200   57  218
  437  200   57  218
  438  200   57  218
  439  200   57  218
  440  200   57  218
  441  200   57  218
  442  200   57  218
  443  200   57  218
  444  200   57  218
  445  200   57  218
  446  200   57  218
  447  200   57  218
  448  200   57  218
  449  200   57  218
  450  200   57  218
  451  200   57  218
  452  200   57  218
  453  200   57  218
  454  200   57  218
  455  200   57  218
  456  200   57  218
  457  200   57  218
  458  200   57  218
  459  200   57  218
  460  200   57  218
  461  200   57  218
  462  200   57  218
  463  200   57  218
  464  200   57  218
  465  200   57  218
  466  200   57  218
  467  200   57  218
  468  200   57  218
  469  200   57  218
  470  200   57  218
  471  200   57  218
  472  200   57  218
  473  200   57  218
  474  200   57  218
  475  200   57  218
  476  200   57  218
  477  200   57  218
  478  200   57  218
  479  200   57  218
  480  200   57  218
  481  200   57  218
  482  200   57  218
  483  200   57  218
  484  200   57  218
  485  200   57  218
  486  200   57  218
  487  200   57  218
  488  200   57  218
  489  200   57  218
  490  200   57  218
  491  200   57  218
  492  137   45  162
  493  137   45  162
  494  137   45  162
  495  137   45  162
  496  137   45  162
  497  137   45  162
  498  137   45  162
  499  137   45  162
  500  137   45  162
  501  137   45  162
  502  137   45  162
  503  137   45  162
  504  137   45  162
  505  137   45  162
  506  137   45  162
  507  137   45  162
  508  137   45  162
  509  137   45  162
  510  137   45  162
  511  137   45  162
  512  137   45  162
  513  137   45  162
  514  137   45  162
  515  137   45  162
  516  137   45  162
  517  137   45  162
  518  137   45  162
  519  137   45  162
  520  137   45  162
  521  137   45  162
  522  137   45  162
  523  137   45  162
  524  137   45  162
  525  137   45  162
  526  137   45  162
  527  137   45  162
  528  137   45  162
  529  137   45  162
  530  137   45  162
  531  137   45  162
  532  137   45  162
  533  137   45  162
  534  137   45  162
  535  137   45  162
  536  137   45  162
  537  137   45  162
  538  137   45  162
  539  137   45  162
  540  137   45  162
  541  137   45  162
  542  137   45  162
  543  137   45  162
  544  137   45  162
  545  137   45  162
  546  137   45  162
  547  137   45  162
  548  137   45  162
  549  137   45  162
  550  137   45  162
  551  137   45  162
  552  137   45  162
  553  137   45  162
  554  137   45  162
  555  137   45  162
  556  137   45  162
  557  137   45  162
  558  137   45  162
  559  137   45  162
  560  137   45  162
  561  137   45  162
  562  137   45  162
  563  137   45  162
  564  137   45  162
  565  137   45  162
  566  137   45  162
  567  137   45  162
  568  137   45  162
  569  137   45  162
  570  137   45  162
  571  137   45  162
  572  137   45  162
  573  137   45  162
  574  137   45  162
  575  137   45  162
  576  137   45  162
  577  137   45  162
  578  137   45  162
  579  137   45  162
  580  137   45  162
  581  137   45  162
  582  137   45  162
  583  137   45  162
  584  137   45  162
  585  137   45  162
  586  137   45  162
  587  137   45  162
  588  137   45  162
  589  137   45  162
  590  137   45  162
  591  137   45  162
  592   66   27   65
  593   66   27   65
  594   66   27   65
  595   66   27   65
  596   66   27   65
  597   78   40   38
  598  268  110  256
  599  268  110  256
  600  268  110  256
  601  268  110  256
  602  268  110  256
  603  268  110  256
  604  268  110  256
  605  268  110  256
  606  268  110  256
  607  268  110  256
  608  268  110  256
  609  268  110  256
  610  268  110  256
  611  268  110  256
  612  268  110  256
  613  268  110  256
  614  268  110  256
  615  268  110  256
  616  268  110  256
  617  268  110  256
