---------------------------------------------------------------------------------------------
                                       *** REPORT ***
---------------------------------------------------------------------------------------------
ELAPSED TIME                                          : Almost 4 sec
TOTAL NUMBER OF ITERATIONS DONE                       : 96
BEST SOLUTION FOUND AT ITERATION                      : 16 OF VARIANT: 1
TOTAL NUMBER OF BOXES                                 : 560
PACKED NUMBER OF BOXES                                : 23
TOTAL VOLUME OF ALL BOXES                             : 489885709150
PALLET VOLUME                                         : 67696454700
BEST SOLUTION'S VOLUME UTILIZATION                    : 57331078800 OUT OF 67696454700
PERCENTAGE OF PALLET VOLUME USED                      : 84.688451 %
PERCENTAGE OF PACKED BOXES (VOLUME)                   : 11.702950 %
WHILE PALLET ORIENTATION                              : X=12033; Y=2350; Z= 2394
---------------------------------------------------------------------------------------------
  NO: PACKSTA DIMEN-1  DMEN-2  DIMEN-3   COOR-X   COOR-Y   COOR-Z   PACKEDX  PACKEDY  PACKEDZ
---------------------------------------------------------------------------------------------
  407    1     2006      570     2180        0        0        0     2006     2180      570
  408    1     2006      570     2180     2006        0        0     2006     2180      570
  409    1     2006      570     2180     4012        0        0     2006     2180      570
  410    1     2006      570     2180     6018        0        0     2006     2180      570
  411    1     2006      570     2180     8024        0        0     2006     2180      570
  412    1     2006      570     2180    10030        0        0      570     2180     2006
  413    1     2006      570     2180    10600        0        0      570     2180     2006
  414    1     2006      570     2180    11170        0        0      570     2180     2006
  415    1     2006      570     2180     8024        0      570     2006     2180      570
  416    1     2006      570     2180     6018        0      570     2006     2180      570
  417    1     2006      570     2180     4012        0      570     2006     2180      570
  418    1     2006      570     2180     2006        0      570     2006     2180      570
  419    1     2006      570     2180        0        0      570     2006     2180      570
  420    1     2006      570     2180     8024        0     1140     2006     2180      570
  421    1     2006      570     2180     6018        0     1140     2006     2180      570
  422    1     2006      570     2180     4012        0     1140     2006     2180      570
  423    1     2006      570     2180     2006        0     1140     2006     2180      570
  424    1     2006      570     2180        0        0     1140     2006     2180      570
  425    1     2006      570     2180     8024        0     1710     2006     2180      570
  426    1     2006      570     2180     6018        0     1710     2006     2180      570
  427    1     2006      570     2180     4012        0     1710     2006     2180      570
  428    1     2006      570     2180     2006        0     1710     2006     2180      570
  429    1     2006      570     2180        0        0     1710     2006     2180      570


 *** LIST OF UNPACKED BOXES ***
    1  800  480  885
    2  800  480  885
    3  800  480  885
    4  800  480  885
    5  800  480  885
    6  800  480  885
    7  800  480  885
    8  800  480  885
    9  800  480  885
   10  800  480  885
   11  800  480  885
   12  800  480  885
   13  800  480  885
   14  800  480  885
   15  800  480  885
   16  800  480  885
   17  800  480  885
   18  800  480  885
   19  800  480  885
   20  800  480  885
   21  800  480  885
   22  800  480  885
   23  800  480  885
   24  800  480  885
   25  800  480  885
   26  800  480  885
   27  800  480  885
   28  800  480  885
   29  800  480  885
   30  800  480  885
   31  800  480  885
   32  800  480  885
   33  800  480  885
   34  800  480  885
   35  800  480  885
   36  800  480  885
   37  800  480  885
   38  800  480  885
   39  800  480  885
   40  800  480  885
   41  800  480  885
   42  800  480  885
   43  800  480  885
   44  800  480  885
   45  800  480  885
   46  800  480  885
   47  800  480  885
   48  800  480  885
   49  800  480  885
   50  800  480  885
   51  800  480  885
   52  800  480  885
   53  800  480  885
   54  800  480  885
   55  800  480  885
   56  800  480  885
   57  800  480  885
   58  800  480  885
   59  800  480  885
   60  800  480  885
   61  800  480  885
   62  800  480  885
   63  800  480  885
   64  800  480  885
   65  800  480  885
   66  800  480  885
   67  800  480  885
   68  800  480  885
   69  800  480  885
   70  800  480  885
   71  800  480  885
   72  800  480  885
   73  800  480  885
   74  800  480  885
   75  800  480  885
   76  800  480  885
   77  800  480  885
   78  800  480  885
   79  800  480  885
   80  800  480  885
   81  800  480  885
   82  800  480  885
   83  800  480  885
   84  800  480  885
   85  800  480  885
   86  800  480  885
   87  800  480  885
   88  800  480  885
   89  800  480  885
   90  800  480  885
   91  800  480  885
   92  800  480  885
   93  800  480  885
   94  800  480  885
   95  800  480  885
   96  800  480  885
   97  800  480  885
   98  800  480  885
   99  800  480  885
  100  800  480  885
  101  800  480  885
  102  800  480  885
  103  800  480  885
  104  800  480  885
  105  800  480  885
  106  800  480  885
  107  800  480  885
  108  800  480  885
  109  800  480  885
  110  800  480  885
  111  800  480  885
  112  800  480  885
  113  800  480  885
  114  800  480  885
  115  800  480  885
  116  800  480  885
  117  800  480  885
  118  800  480  885
  119  800  480  885
  120  800  480  885
  121  800  480  885
  122  800  480  885
  123  800  480  885
  124  800  480  885
  125  800  480  885
  126  800  480  885
  127  800  480  885
  128  800  480  885
  129  800  480  885
  130  800  480  885
  131  800  480  885
  132  800  480  885
  133  800  480  885
  134  800  480  885
  135  800  480  885
  136  800  480  885
  137  800  480  885
  138  800  480  885
  139  800  480  885
  140  800  480  885
  141  800  480  885
  142  800  480  885
  143  800  480  885
  144  800  480  885
  145  800  480  885
  146  800  480  885
  147  800  480  885
  148  800  480  885
  149  800  480  885
  150  800  480  885
  151  800  480  885
  152  800  480  885
  153  800  480  885
  154  800  480  885
  155  800  480  885
  156  800  480  885
  157  800  480  885
  158  800  480  885
  159  800  480  885
  160  800  480  885
  161  800  480  885
  162  800  480  885
  163  800  480  885
  164  800  480  885
  165  800  480  885
  166  800  480  885
  167  800  480  885
  168  800  480  885
  169  800  480  885
  170  800  480  885
  171  800  480  885
  172  800  480  885
  173  800  480  885
  174  800  480  885
  175  800  480  885
  176  800  480  885
  177  800  480  885
  178  800  480  885
  179  800  480  885
  180  800  480  885
  181  800  480  885
  182  800  480  885
  183  800  480  885
  184  800  480  885
  185  800  480  885
  186  800  480  885
  187  800  480  885
  188  800  480  885
  189  800  480  885
  190  800  480  885
  191  800  480  885
  192  800  480  885
  193  800  480  885
  194  800  480  885
  195  800  480  885
  196  800  480  885
  197  800  480  885
  198  800  480  885
  199  800  480  885
  200  800  480  885
  201  800  480  885
  202  800  480  885
  203  800  480  885
  204  800  480  885
  205  800  480  885
  206  800  480  885
  207  800  480  885
  208  800  480  885
  209  800  480  885
  210  800  480  885
  211  800  480  885
  212  800  480  885
  213  800  480  885
  214  800  480  885
  215  800  480  885
  216  800  480  885
  217  800  480  885
  218  800  480  885
  219  800  480  885
  220  800  480  885
  221  800  480  885
  222  800  480  885
  223  800  480  885
  224  800  480  885
  225  800  480  885
  226  800  480  885
  227  800  480  885
  228  800  480  885
  229  800  480  885
  230  800  480  885
  231  800  480  885
  232  800  480  885
  233  800  480  885
  234  800  480  885
  235  800  480  885
  236  800  480  885
  237  800  480  885
  238  800  480  885
  239  800  480  885
  240  800  480  885
  241  800  480  885
  242  800  480  885
  243  800  480  885
  244  800  480  885
  245  800  480  885
  246  800  480  885
  247  800  480  885
  248  800  480  885
  249  800  480  885
  250  800  480  885
  251  800  480  885
  252  800  480  885
  253  800  480  885
  254  800  480  885
  255  800  480  885
  256  800  480  885
  257  800  480  885
  258  800  480  885
  259  800  480  885
  260  800  480  885
  261  800  480  885
  262  800  480  885
  263  800  480  885
  264  800  480  885
  265  800  480  885
  266  800  480  885
  267  800  480  885
  268  800  480  885
  269  800  480  885
  270  800  480  885
  271  800  480  885
  272  800  480  885
  273  800  480  885
  274  800  480  885
  275  800  480  885
  276  800  480  885
  277  800  480  885
  278  800  480  885
  279  800  480  885
  280  800  480  885
  281  800  600  940
  282  800  600  940
  283  800  600  940
  284  800  600  940
  285  800  600  940
  286  800  600  940
  287  800  600  940
  288  800  600  940
  289  800  600  940
  290  800  600  940
  291  800  600  940
  292  800  600  940
  293  800  600  940
  294  800  600  940
  295  800  600  940
  296  800  600  940
  297  800  600  940
  298  800  600  940
  299  800  600  940
  300  800  600  940
  301  800  600  940
  302  800  600  940
  303  800  600  940
  304  800  600  940
  305  800  600  940
  306  800  600  940
  307  800  600  940
  308  800  600  940
  309  800  600  940
  310  800  600  940
  311  800  600  940
  312  800  600  940
  313  800  600  940
  314  800  600  940
  315  800  600  940
  316  800  600  940
  317  800  600  940
  318  800  600  940
  319  800  600  940
  320  800  600  940
  321  800  600  940
  322  800  600  940
  323  800  600  940
  324  800  600  940
  325  800  600  940
  326  800  600  940
  327  800  600  940
  328  800  600  940
  329  800  600  940
  330  800  600  940
  331  800  600  940
  332  800  600  940
  333  800  600  940
  334  800  600  940
  335  800  600  940
  336  800  600  940
  337  800  600  940
  338  800  600  940
  339  800  600  940
  340  800  600  940
  341  800  600  940
  342  800  600  940
  343  800  600  940
  344  800  600  940
  345  800  600  940
  346  800  600  940
  347  800  600  940
  348  800  600  940
  349  800  600  940
  350  800  600  940
  351  800  600  940
  352  800  600  940
  353  800  600  940
  354  800  600  940
  355  800  600  940
  356  800  600  940
  357  800  600  940
  358  800  600  940
  359  800  600  940
  360  800  600  940
  361  800  600  940
  362  800  600  940
  363  800  600  940
  364  800  600  940
  365  800  600  940
  366  800  600  940
  367  800  600  940
  368  800  600  940
  369  800  600  940
  370  800  600  940
  371  800  600  940
  372  800  600  940
  373  800  600  940
  374  800  600  940
  375  800  600  940
  376  800  600  940
  377  800  600  940
  378  800  600  940
  379  800  600  940
  380  800  600  940
  381  800  600  940
  382  800  600  940
  383  800  600  940
  384  800  600  940
  385  800  600  940
  386  800  600  940
  387  800  600  940
  388  800  600  940
  389  800  600  940
  390  800  600  940
  391  800  600  940
  392  800  600  940
  393  800  600  940
  394  800  600  940
  395  800  600  940
  396  800  600  940
  397  800  600  940
  398  800  600  940
  399  800  600  940
  400  800  600  940
  401  750  635  495
  402 1400 1400  420
  403 1400 1400  420
  404 1400 1400  420
  405 1400 1400  420
  406 1400 1400  420
  430 2006  570 2180
  431 2006  570 2180
  432 2006  570 2180
  433 2006  570 2180
  434 2006  570 2180
  435 2006  570 2180
  436 2006  570 2180
  437 2006  570 2180
  438 2006  570 2180
  439 2006  570 2180
  440 2006  570 2180
  441 1375  450 1625
  442 1375  450 1625
  443 1375  450 1625
  444 1375  450 1625
  445 1375  450 1625
  446 1375  450 1625
  447 1375  450 1625
  448 1375  450 1625
  449 1375  450 1625
  450 1375  450 1625
  451 1375  450 1625
  452 1375  450 1625
  453 1375  450 1625
  454 1375  450 1625
  455 1375  450 1625
  456 1375  450 1625
  457 1375  450 1625
  458 1375  450 1625
  459 1375  450 1625
  460 1375  450 1625
  461 1375  450 1625
  462 1375  450 1625
  463 1375  450 1625
  464 1375  450 1625
  465 1375  450 1625
  466 1375  450 1625
  467 1375  450 1625
  468 1375  450 1625
  469 1375  450 1625
  470 1375  450 1625
  471 1375  450 1625
  472 1375  450 1625
  473 1375  450 1625
  474 1375  450 1625
  475 1375  450 1625
  476 1375  450 1625
  477 1375  450 1625
  478 1375  450 1625
  479 1375  450 1625
  480 1375  450 1625
  481 1375  450 1625
  482 1375  450 1625
  483 1375  450 1625
  484 1375  450 1625
  485 1375  450 1625
  486 1375  450 1625
  487 1375  450 1625
  488 1375  450 1625
  489 1375  450 1625
  490 1375  450 1625
  491 1375  450 1625
  492 1375  450 1625
  493 1375  450 1625
  494 1375  450 1625
  495 1375  450 1625
  496 1375  450 1625
  497 1375  450 1625
  498 1375  450 1625
  499 1375  450 1625
  500 1375  450 1625
  501 1375  450 1625
  502 1375  450 1625
  503 1375  450 1625
  504 1375  450 1625
  505 1375  450 1625
  506 1375  450 1625
  507 1375  450 1625
  508 1375  450 1625
  509 1375  450 1625
  510 1375  450 1625
  511 1375  450 1625
  512 1375  450 1625
  513 1375  450 1625
  514 1375  450 1625
  515 1375  450 1625
  516 1375  450 1625
  517 1375  450 1625
  518 1375  450 1625
  519 1375  450 1625
  520 1375  450 1625
  521 1375  450 1625
  522 1375  450 1625
  523 1375  450 1625
  524 1375  450 1625
  525 1375  450 1625
  526 1375  450 1625
  527 1375  450 1625
  528 1375  450 1625
  529 1375  450 1625
  530 1375  450 1625
  531 1375  450 1625
  532 1375  450 1625
  533 1375  450 1625
  534 1375  450 1625
  535 1375  450 1625
  536 1375  450 1625
  537 1375  450 1625
  538 1375  450 1625
  539 1375  450 1625
  540 1375  450 1625
  541 2680 1100 2560
  542 2680 1100 2560
  543 2680 1100 2560
  544 2680 1100 2560
  545 2680 1100 2560
  546 2680 1100 2560
  547 2680 1100 2560
  548 2680 1100 2560
  549 2680 1100 2560
  550 2680 1100 2560
  551 2680 1100 2560
  552 2680 1100 2560
  553 2680 1100 2560
  554 2680 1100 2560
  555 2680 1100 2560
  556 2680 1100 2560
  557 2680 1100 2560
  558 2680 1100 2560
  559 2680 1100 2560
  560 2680 1100 2560
